This is pdfTeX, Version 3.141592653-2.6-1.40.26 (TeX Live 2024) (preloaded format=pdflatex 2024.6.22)  2 AUG 2024 01:26
entering extended mode
 restricted \write18 enabled.
 file:line:error style messages enabled.
 %&-line parsing enabled.
**/Users/raasikh/Documents/Resume/cover_letter/cover_letter.tex
(/Users/raasikh/Documents/Resume/cover_letter/cover_letter.tex
LaTeX2e <2023-11-01> patch level 1
L3 programming layer <2024-02-20>
(/usr/local/texlive/2024/texmf-dist/tex/latex/koma-script/scrlttr2.cls
Document Class: scrlttr2 2023/07/07 v3.41 KOMA-Script document class (letter)
(/usr/local/texlive/2024/texmf-dist/tex/latex/koma-script/scrkbase.sty
Package: scrkbase 2023/07/07 v3.41 KOMA-Script package (KOMA-Script-dependent basics and keyval usage)
 (/usr/local/texlive/2024/texmf-dist/tex/latex/koma-script/scrbase.sty
Package: scrbase 2023/07/07 v3.41 KOMA-Script package (KOMA-Script-independent basics and keyval usage)
 (/usr/local/texlive/2024/texmf-dist/tex/latex/koma-script/scrlfile.sty
Package: scrlfile 2023/07/07 v3.41 KOMA-Script package (file load hooks)
 (/usr/local/texlive/2024/texmf-dist/tex/latex/koma-script/scrlfile-hook.sty
Package: scrlfile-hook 2023/07/07 v3.41 KOMA-Script package (using LaTeX hooks)
 (/usr/local/texlive/2024/texmf-dist/tex/latex/koma-script/scrlogo.sty
Package: scrlogo 2023/07/07 v3.41 KOMA-Script package (logo)
))) (/usr/local/texlive/2024/texmf-dist/tex/latex/graphics/keyval.sty
Package: keyval 2022/05/29 v1.15 key=value parser (DPC)
\KV@toks@=\toks17
)
Applying: [2021/05/01] Usage of raw or classic option list on input line 252.
Already applied: [0000/00/00] Usage of raw or classic option list on input line 368.
))
Class scrlttr2 Info: File `scrsize12pt.clo' used instead of
(scrlttr2)           file `scrsize12.clo' to setup font sizes on input line 2042.
 (/usr/local/texlive/2024/texmf-dist/tex/latex/koma-script/scrsize12pt.clo
File: scrsize12pt.clo 2023/07/07 v3.41 KOMA-Script font size class option (12pt)
) (/usr/local/texlive/2024/texmf-dist/tex/latex/koma-script/typearea.sty
Package: typearea 2023/07/07 v3.41 KOMA-Script package (type area)
\ta@bcor=\skip48
\ta@div=\count188
Package typearea Info: You've used standard option `letterpaper'.
(typearea)             This is correct!
(typearea)             Internally I'm using `paper=letter'.
(typearea)             If you'd like to set the option with \KOMAoptions,
(typearea)             you'd have to use `paper=letter' there
(typearea)             instead of `letterpaper', too.
\ta@hblk=\skip49
\ta@vblk=\skip50
\ta@temp=\skip51
\footheight=\skip52
Package typearea Info: With paper sizes other than (almost) `A4' predefined
(typearea)             DIV values do not exist. Using DIV calculation for good
(typearea)             line width (unless using `version=3.24` or prior).

DIV calculation for typearea with good linewidth.
Package typearea Info: These are the values describing the layout:
(typearea)             DIV  = 8
(typearea)             BCOR = 0.0pt
(typearea)             \paperwidth      = 614.295pt
(typearea)              \textwidth      = 383.9344pt
(typearea)              DIV departure   = 1%
(typearea)              \evensidemargin = 42.91031pt
(typearea)              \oddsidemargin  = 42.91031pt
(typearea)             \paperheight     = 794.96999pt
(typearea)              \textheight     = 505.0pt
(typearea)              \topmargin      = -12.77374pt
(typearea)              \headheight     = 18.125pt
(typearea)              \headsep        = 21.75pt
(typearea)              \topskip        = 12.0pt
(typearea)              \footskip       = 50.75pt
(typearea)              \baselineskip   = 14.5pt
(typearea)              on input line 1799.
)
\c@letter=\count189
)
Class scrlttr2 Info: Letter-Class-Option `DIN' loaded on input line 28.
 (/usr/local/texlive/2024/texmf-dist/tex/latex/koma-script/DIN.lco
File: DIN.lco 2023/07/07 v3.41 KOMA-Script letter-class-option
) (/usr/local/texlive/2024/texmf-dist/tex/latex/fontsize/fontsize.sty
Package: fontsize 2021/08/04 v0.8.5 'fontsize' package. Set main font sizes (Ivan Valbusa)
 (/usr/local/texlive/2024/texmf-dist/tex/latex/xkeyval/xkeyval.sty
Package: xkeyval 2022/06/16 v2.9 package option processing (HA)
 (/usr/local/texlive/2024/texmf-dist/tex/generic/xkeyval/xkeyval.tex (/usr/local/texlive/2024/texmf-dist/tex/generic/xkeyval/xkvutils.tex
\XKV@toks=\toks18
\XKV@tempa@toks=\toks19
)
\XKV@depth=\count190
File: xkeyval.tex 2014/12/03 v2.7a key=value parser (HA)
)) (/usr/local/texlive/2024/texmf-dist/tex/latex/l3packages/xfp/xfp.sty (/usr/local/texlive/2024/texmf-dist/tex/latex/l3kernel/expl3.sty
Package: expl3 2024-02-20 L3 programming layer (loader) 
 (/usr/local/texlive/2024/texmf-dist/tex/latex/l3backend/l3backend-pdftex.def
File: l3backend-pdftex.def 2024-02-20 L3 backend support: PDF output (pdfTeX)
\l__color_backend_stack_int=\count191
\l__pdf_internal_box=\box51
))
Package: xfp 2024-02-18 L3 Floating point unit
))

LaTeX Font Warning: Font shape `OT1/cmr/m/n' in size <12.5> not available
(Font)              size <12> substituted on input line 30.

(/usr/local/texlive/2024/texmf-dist/tex/latex/anyfontsize/anyfontsize.sty
Package: anyfontsize 2007/11/22 anyfontsize.sty by pts
) (/usr/local/texlive/2024/texmf-dist/tex/latex/base/inputenc.sty
Package: inputenc 2021/02/14 v1.3d Input encoding file
\inpenc@prehook=\toks20
\inpenc@posthook=\toks21
) (/usr/local/texlive/2024/texmf-dist/tex/latex/base/fontenc.sty
Package: fontenc 2021/04/29 v2.0v Standard LaTeX package
) (/usr/local/texlive/2024/texmf-dist/tex/latex/microtype/microtype.sty
Package: microtype 2023/03/13 v3.1a Micro-typographical refinements (RS)
 (/usr/local/texlive/2024/texmf-dist/tex/latex/etoolbox/etoolbox.sty
Package: etoolbox 2020/10/05 v2.5k e-TeX tools for LaTeX (JAW)
\etb@tempcnta=\count192
)
\MT@toks=\toks22
\MT@tempbox=\box52
\MT@count=\count193
LaTeX Info: Redefining \noprotrusionifhmode on input line 1059.
LaTeX Info: Redefining \leftprotrusion on input line 1060.
\MT@prot@toks=\toks23
LaTeX Info: Redefining \rightprotrusion on input line 1078.
LaTeX Info: Redefining \textls on input line 1368.
\MT@outer@kern=\dimen140
LaTeX Info: Redefining \textmicrotypecontext on input line 1988.
\MT@listname@count=\count194
 (/usr/local/texlive/2024/texmf-dist/tex/latex/microtype/microtype-pdftex.def
File: microtype-pdftex.def 2023/03/13 v3.1a Definitions specific to pdftex (RS)
LaTeX Info: Redefining \lsstyle on input line 902.
LaTeX Info: Redefining \lslig on input line 902.
\MT@outer@space=\skip53
)
Package microtype Info: Loading configuration file microtype.cfg.
 (/usr/local/texlive/2024/texmf-dist/tex/latex/microtype/microtype.cfg
File: microtype.cfg 2023/03/13 v3.1a microtype main configuration file (RS)
)) (/usr/local/texlive/2024/texmf-dist/tex/latex/fontawesome5/fontawesome5.sty
Package: fontawesome5 2022/05/02 v5.15.4 Font Awesome 5
 (/usr/local/texlive/2024/texmf-dist/tex/latex/l3packages/l3keys2e/l3keys2e.sty
Package: l3keys2e 2024-02-18 LaTeX2e option processing using LaTeX3 keys
) (/usr/local/texlive/2024/texmf-dist/tex/latex/l3packages/xparse/xparse.sty
Package: xparse 2024-02-18 L3 Experimental document command parser
) (/usr/local/texlive/2024/texmf-dist/tex/latex/fontawesome5/fontawesome5-generic-helper.sty
Package: fontawesome5-generic-helper 2022/05/02 v5.15.4 non-uTeX helper for fontawesome5
 (/usr/local/texlive/2024/texmf-dist/tex/latex/fontawesome5/fontawesome5-mapping.def))) (./cover_letter.aux)
\openout1 = `cover_letter.aux'.

LaTeX Font Info:    Checking defaults for OML/cmm/m/it on input line 92.
LaTeX Font Info:    ... okay on input line 92.
LaTeX Font Info:    Checking defaults for OMS/cmsy/m/n on input line 92.
LaTeX Font Info:    ... okay on input line 92.
LaTeX Font Info:    Checking defaults for OT1/cmr/m/n on input line 92.
LaTeX Font Info:    ... okay on input line 92.
LaTeX Font Info:    Checking defaults for T1/cmr/m/n on input line 92.
LaTeX Font Info:    ... okay on input line 92.
LaTeX Font Info:    Checking defaults for TS1/cmr/m/n on input line 92.
LaTeX Font Info:    ... okay on input line 92.
LaTeX Font Info:    Checking defaults for OMX/cmex/m/n on input line 92.
LaTeX Font Info:    ... okay on input line 92.
LaTeX Font Info:    Checking defaults for U/cmr/m/n on input line 92.
LaTeX Font Info:    ... okay on input line 92.
Package scrbase Info: activating english \yourrefname on input line 92.
Package scrbase Info: activating english \yourmailname on input line 92.
Package scrbase Info: activating english \myrefname on input line 92.
Package scrbase Info: activating english \customername on input line 92.
Package scrbase Info: activating english \invoicename on input line 92.
Package scrbase Info: activating english \subjectname on input line 92.
Package scrbase Info: activating english \ccname on input line 92.
Package scrbase Info: activating english \enclname on input line 92.
Package scrbase Info: activating english \headtoname on input line 92.
Package scrbase Info: activating english \headfromname on input line 92.
Package scrbase Info: activating english \datename on input line 92.
Package scrbase Info: activating english \pagename on input line 92.
Package scrbase Info: activating english \phonename on input line 92.
Package scrbase Info: activating english \mobilephonename on input line 92.
Package scrbase Info: activating english \faxname on input line 92.
Package scrbase Info: activating english \emailname on input line 92.
Package scrbase Info: activating english \wwwname on input line 92.
Package scrbase Info: activating english \bankname on input line 92.
Class scrlttr2 Info: no date found for language `american'
(scrlttr2)           --> skipped on input line 92.
Class scrlttr2 Info: no date found for language `australian'
(scrlttr2)           --> skipped on input line 92.
Class scrlttr2 Info: no date found for language `british'
(scrlttr2)           --> skipped on input line 92.
Class scrlttr2 Info: no date found for language `canadian'
(scrlttr2)           --> skipped on input line 92.
Class scrlttr2 Info: no date found for language `newzealand'
(scrlttr2)           --> skipped on input line 92.
Class scrlttr2 Info: no date found for language `UKenglish'
(scrlttr2)           --> skipped on input line 92.
Class scrlttr2 Info: no date found for language `ukenglish'
(scrlttr2)           --> skipped on input line 92.
Class scrlttr2 Info: no date found for language `USenglish'
(scrlttr2)           --> skipped on input line 92.
Class scrlttr2 Info: no date found for language `usenglish'
(scrlttr2)           --> skipped on input line 92.
Class scrlttr2 Info: no date found for language `german'
(scrlttr2)           --> skipped on input line 92.
Class scrlttr2 Info: no date found for language `ngerman'
(scrlttr2)           --> skipped on input line 92.
Class scrlttr2 Info: no date found for language `austrian'
(scrlttr2)           --> skipped on input line 92.
Class scrlttr2 Info: no date found for language `naustrian'
(scrlttr2)           --> skipped on input line 92.
Class scrlttr2 Info: no date found for language `swissgerman'
(scrlttr2)           --> skipped on input line 92.
Class scrlttr2 Info: no date found for language `nswissgerman'
(scrlttr2)           --> skipped on input line 92.
Class scrlttr2 Info: no date found for language `acadian'
(scrlttr2)           --> skipped on input line 92.
Class scrlttr2 Info: no date found for language `canadien'
(scrlttr2)           --> skipped on input line 92.
Class scrlttr2 Info: no date found for language `francais'
(scrlttr2)           --> skipped on input line 92.
Class scrlttr2 Info: no date found for language `french'
(scrlttr2)           --> skipped on input line 92.
Class scrlttr2 Info: no date found for language `italian'
(scrlttr2)           --> skipped on input line 92.
Class scrlttr2 Info: no date found for language `spanish'
(scrlttr2)           --> skipped on input line 92.
Class scrlttr2 Info: no date found for language `croatian'
(scrlttr2)           --> skipped on input line 92.
Class scrlttr2 Info: no date found for language `dutch'
(scrlttr2)           --> skipped on input line 92.
Class scrlttr2 Info: no date found for language `finnish'
(scrlttr2)           --> skipped on input line 92.
Class scrlttr2 Info: no date found for language `norsk'
(scrlttr2)           --> skipped on input line 92.
Class scrlttr2 Info: no date found for language `swedish'
(scrlttr2)           --> skipped on input line 92.
Class scrlttr2 Info: no date found for language `polish'
(scrlttr2)           --> skipped on input line 92.
Class scrlttr2 Info: no date found for language `czech'
(scrlttr2)           --> skipped on input line 92.
Class scrlttr2 Info: no date found for language `slovak'
(scrlttr2)           --> skipped on input line 92.
Class scrlttr2 Info: trying to activate captions and date
(scrlttr2)           of language `english' on input line 92.
Class scrlttr2 Info: used language is `english'.
(scrlttr2)           Supported languages are: `english', `UKenglish',
(scrlttr2)           `ukenglish', `british', `american', `USenglish',
(scrlttr2)           `usenglish', `australian`,`canadian', `newzealand',
(scrlttr2)           `german', `ngerman', `austrian', `naustrian',
(scrlttr2)           `swissgerman', `nswissgermsn',
(scrlttr2)           `acadian', `canadien', `francais', `french', 
(scrlttr2)           `dutch', `italian', `spanish', `polish',
(scrlttr2)           `croatian', `finnish', `norsk', `swedish',
(scrlttr2)           `czech', `slovak' on input line 92.
LaTeX Info: Redefining \microtypecontext on input line 92.
Package microtype Info: Applying patch `item' on input line 92.
Package microtype Info: Applying patch `toc' on input line 92.
Package microtype Info: Applying patch `eqnum' on input line 92.
Package microtype Info: Applying patch `footnote' on input line 92.
Package microtype Info: Applying patch `verbatim' on input line 92.
Package microtype Info: Generating PDF output.
Package microtype Info: Character protrusion enabled (level 2).
Package microtype Info: Using default protrusion set `alltext'.
Package microtype Info: Automatic font expansion enabled (level 2),
(microtype)             stretch: 20, shrink: 20, step: 1, non-selected.
Package microtype Info: Using default expansion set `alltext-nott'.
LaTeX Info: Redefining \showhyphens on input line 92.
Package microtype Info: No adjustment of tracking.
Package microtype Info: No adjustment of interword spacing.
Package microtype Info: No adjustment of character kerning.
 (/usr/local/texlive/2024/texmf-dist/tex/latex/microtype/mt-cmr.cfg
File: mt-cmr.cfg 2013/05/19 v2.2 microtype config. file: Computer Modern Roman (RS)
)

Class scrlttr2 Warning: Letter option file `DIN.lco'
(scrlttr2)              needs paper size `a4'.
(scrlttr2)              Current paper size is not `a4'!
(scrlttr2)              You should add `paper=a4,paper=portrait' at the
(scrlttr2)              option list of `\documentclass' or
(scrlttr2)              add `\KOMAoptions{paper=a4,paper=portrait}'
(scrlttr2)              before starting this letter!
(scrlttr2)              Maybe you know what you are doing,
(scrlttr2)              so I do not change this myself.

Foldmarks: yes
Head of first page
LaTeX Font Info:    Calculating math sizes for size <25.92506> on input line 106.
LaTeX Font Info:    External font `cmex10' loaded for size
(Font)              <25.92506> on input line 106.
LaTeX Font Info:    External font `cmex10' loaded for size
(Font)              <18.14746> on input line 106.
LaTeX Font Info:    External font `cmex10' loaded for size
(Font)              <12.96252> on input line 106.
Foot of first page
Address (backaddress, addressee)
LaTeX Font Info:    Calculating math sizes for size <12.5> on input line 106.
LaTeX Font Info:    External font `cmex10' loaded for size
(Font)              <12.5> on input line 106.
LaTeX Font Info:    External font `cmex10' loaded for size
(Font)              <8.74995> on input line 106.
LaTeX Font Info:    External font `cmex10' loaded for size
(Font)              <6.25> on input line 106.
LaTeX Font Info:    Trying to load font information for T1+cmss on input line 106.
(/usr/local/texlive/2024/texmf-dist/tex/latex/base/t1cmss.fd
File: t1cmss.fd 2023/04/13 v2.5m Standard LaTeX font definitions
)
Package microtype Info: Loading generic protrusion settings for font family
(microtype)             `cmss' (encoding: T1).
(microtype)             For optimal results, create family-specific settings.
(microtype)             See the microtype manual for details.

Location field: empty
Title: no
Subject: before opening
[1



{/usr/local/texlive/2024/texmf-var/fonts/map/pdftex/updmap/pdftex.map}{/usr/local/texlive/2024/texmf-dist/fonts/enc/dvips/cm-super/cm-super-t1.enc}] [2] (./cover_letter.aux)
 ***********
LaTeX2e <2023-11-01> patch level 1
L3 programming layer <2024-02-20>
 ***********
 ) 
Here is how much of TeX's memory you used:
 8126 strings out of 474116
 159189 string characters out of 5743682
 1934187 words of memory out of 5000000
 30385 multiletter control sequences out of 15000+600000
 571497 words of font info for 97 fonts, out of 8000000 for 9000
 1141 hyphenation exceptions out of 8191
 108i,10n,107p,1054b,313s stack positions out of 10000i,1000n,20000p,200000b,200000s
</usr/local/texlive/2024/texmf-dist/fonts/type1/public/cm-super/sfbx1200.pfb></usr/local/texlive/2024/texmf-dist/fonts/type1/public/cm-super/sfcc1440.pfb></usr/local/texlive/2024/texmf-dist/fonts/type1/public/cm-super/sfcc2488.pfb></usr/local/texlive/2024/texmf-dist/fonts/type1/public/cm-super/sfrm1200.pfb></usr/local/texlive/2024/texmf-dist/fonts/type1/public/cm-super/sfss0800.pfb>
Output written on cover_letter.pdf (2 pages, 68829 bytes).
PDF statistics:
 37 PDF objects out of 1000 (max. 8388607)
 22 compressed objects within 1 object stream
 0 named destinations out of 1000 (max. 500000)
 28673 words of extra memory for PDF output out of 29859 (max. 10000000)

